Architecture:          x86_64
CPU op-mode(s):        32-bit, 64-bit
Byte Order:            Little Endian
CPU(s):                48
On-line CPU(s) list:   0-47
Thread(s) per core:    2
Core(s) per socket:    12
Socket(s):             2
NUMA node(s):          2
Vendor ID:             GenuineIntel
CPU family:            6
Model:                 85
Model name:            Intel(R) Xeon(R) Gold 6126 CPU @ 2.60GHz
Stepping:              4
CPU MHz:               2600.000
BogoMIPS:              5200.00
Virtualization:        VT-x
L1d cache:             32K
L1i cache:             32K
L2 cache:              1024K
L3 cache:              19712K
NUMA node0 CPU(s):     0,2,4,6,8,10,12,14,16,18,20,22,24,26,28,30,32,34,36,38,40,42,44,46
NUMA node1 CPU(s):     1,3,5,7,9,11,13,15,17,19,21,23,25,27,29,31,33,35,37,39,41,43,45,47
Flags:                 fpu vme de pse tsc msr pae mce cx8 apic sep mtrr pge mca cmov pat pse36 clflush dts acpi mmx fxsr sse sse2 ss ht tm pbe syscall nx pdpe1gb rdtscp lm constant_tsc art arch_perfmon pebs bts rep_good nopl xtopology nonstop_tsc aperfmperf eagerfpu pni pclmulqdq dtes64 monitor ds_cpl vmx smx est tm2 ssse3 sdbg fma cx16 xtpr pdcm pcid dca sse4_1 sse4_2 x2apic movbe popcnt tsc_deadline_timer aes xsave avx f16c rdrand lahf_lm abm 3dnowprefetch epb cat_l3 cdp_l3 intel_ppin intel_pt ssbd mba ibrs ibpb stibp tpr_shadow vnmi flexpriority ept vpid fsgsbase tsc_adjust bmi1 hle avx2 smep bmi2 erms invpcid rtm cqm mpx rdt_a avx512f avx512dq rdseed adx smap clflushopt clwb avx512cd avx512bw avx512vl xsaveopt xsavec xgetbv1 cqm_llc cqm_occup_llc cqm_mbm_total cqm_mbm_local dtherm ida arat pln pts pku ospke spec_ctrl intel_stibp flush_l1d
execution time: 1.379188, max wait time: 0.091318, n: 4200, p: 64, c: 1 

real	0m3.751s
user	0m0.019s
sys	0m0.009s
execution time: 1.595655, max wait time: 0.075983, n: 4200, p: 49, c: 1 

real	0m3.564s
user	0m0.017s
sys	0m0.011s
execution time: 2.260493, max wait time: 0.099075, n: 4200, p: 36, c: 1 

real	0m3.956s
user	0m0.015s
sys	0m0.013s
execution time: 3.109928, max wait time: 0.197035, n: 4200, p: 25, c: 1 

real	0m4.578s
user	0m0.014s
sys	0m0.012s
execution time: 4.999264, max wait time: 0.515587, n: 4200, p: 16, c: 1 

real	0m6.290s
user	0m0.014s
sys	0m0.013s
execution time: 8.083733, max wait time: 0.394443, n: 4200, p: 9, c: 1 

real	0m9.227s
user	0m0.014s
sys	0m0.015s
execution time: 20.296550, max wait time: 0.974641, n: 4200, p: 4, c: 1 

real	0m21.367s
user	0m0.020s
sys	0m0.007s
execution time: 1.174127, max wait time: 0.069094, n: 4200, p: 72, c: 2 

real	0m5.444s
user	0m0.015s
sys	0m0.011s
execution time: 2.119926, max wait time: 0.870434, n: 4200, p: 50, c: 2 

real	0m4.093s
user	0m0.017s
sys	0m0.010s
execution time: 2.895401, max wait time: 0.604143, n: 4200, p: 32, c: 2 

real	0m4.555s
user	0m0.015s
sys	0m0.011s
execution time: 7.232621, max wait time: 4.026401, n: 4200, p: 18, c: 2 

real	0m8.539s
user	0m0.017s
sys	0m0.011s
execution time: 10.061845, max wait time: 0.951279, n: 4200, p: 8, c: 2 

real	0m11.272s
user	0m0.017s
sys	0m0.013s
execution time: 3.078372, max wait time: 1.987681, n: 4200, p: 48, c: 3 

real	0m5.531s
user	0m0.021s
sys	0m0.008s
execution time: 3.969968, max wait time: 0.670980, n: 4200, p: 27, c: 3 

real	0m5.545s
user	0m0.017s
sys	0m0.012s
execution time: 2.212594, max wait time: 1.014026, n: 4200, p: 64, c: 4 

real	0m4.574s
user	0m0.014s
sys	0m0.015s
