Architecture:          x86_64
CPU op-mode(s):        32-bit, 64-bit
Byte Order:            Little Endian
CPU(s):                48
On-line CPU(s) list:   0-47
Thread(s) per core:    2
Core(s) per socket:    12
Socket(s):             2
NUMA node(s):          2
Vendor ID:             GenuineIntel
CPU family:            6
Model:                 79
Model name:            Intel(R) Xeon(R) CPU E5-2650 v4 @ 2.20GHz
Stepping:              1
CPU MHz:               2200.000
CPU max MHz:           2200.0000
CPU min MHz:           1200.0000
BogoMIPS:              4390.18
Virtualization:        VT-x
L1d cache:             32K
L1i cache:             32K
L2 cache:              256K
L3 cache:              30720K
NUMA node0 CPU(s):     0-11,24-35
NUMA node1 CPU(s):     12-23,36-47
Flags:                 fpu vme de pse tsc msr pae mce cx8 apic sep mtrr pge mca cmov pat pse36 clflush dts acpi mmx fxsr sse sse2 ss ht tm pbe syscall nx pdpe1gb rdtscp lm constant_tsc arch_perfmon pebs bts rep_good nopl xtopology nonstop_tsc aperfmperf eagerfpu pni pclmulqdq dtes64 monitor ds_cpl vmx smx est tm2 ssse3 sdbg fma cx16 xtpr pdcm pcid dca sse4_1 sse4_2 x2apic movbe popcnt tsc_deadline_timer aes xsave avx f16c rdrand lahf_lm abm 3dnowprefetch epb cat_l3 cdp_l3 intel_ppin intel_pt ssbd ibrs ibpb stibp tpr_shadow vnmi flexpriority ept vpid fsgsbase tsc_adjust bmi1 hle avx2 smep bmi2 erms invpcid rtm cqm rdt_a rdseed adx smap xsaveopt cqm_llc cqm_occup_llc cqm_mbm_total cqm_mbm_local dtherm ida arat pln pts spec_ctrl intel_stibp flush_l1d
execution time: 23.892005, max wait time: 11.082430, n: 7560, p: 64, c: 1 

real	0m26.381s
user	0m0.021s
sys	0m0.009s
execution time: 17.797002, max wait time: 2.219375, n: 7560, p: 49, c: 1 

real	0m19.873s
user	0m0.021s
sys	0m0.009s
execution time: 27.430805, max wait time: 2.500665, n: 7560, p: 36, c: 1 

real	0m29.192s
user	0m0.018s
sys	0m0.012s
execution time: 34.175006, max wait time: 3.608652, n: 7560, p: 25, c: 1 

real	0m35.791s
user	0m0.023s
sys	0m0.006s
execution time: 77.380787, max wait time: 30.626165, n: 7560, p: 16, c: 1 

real	1m18.780s
user	0m0.015s
sys	0m0.013s
execution time: 94.282033, max wait time: 23.673899, n: 7560, p: 9, c: 1 

real	1m35.599s
user	0m0.014s
sys	0m0.015s
execution time: 284.159718, max wait time: 19.306925, n: 7560, p: 4, c: 1 

real	4m45.752s
user	0m0.016s
sys	0m0.013s
execution time: 15.049332, max wait time: 0.766086, n: 7560, p: 72, c: 2 

real	0m17.707s
user	0m0.017s
sys	0m0.013s
execution time: 21.231308, max wait time: 2.531437, n: 7560, p: 50, c: 2 

real	0m23.344s
user	0m0.018s
sys	0m0.014s
execution time: 46.261979, max wait time: 4.200762, n: 7560, p: 32, c: 2 

real	0m48.083s
user	0m0.016s
sys	0m0.014s
execution time: 61.761059, max wait time: 0.908920, n: 7560, p: 18, c: 2 

real	1m3.333s
user	0m0.018s
sys	0m0.012s
execution time: 250.793884, max wait time: 0.157949, n: 7560, p: 8, c: 2 

real	4m12.457s
user	0m0.021s
sys	0m0.009s
execution time: 46.694583, max wait time: 4.109345, n: 7560, p: 48, c: 3 

real	0m48.866s
user	0m0.020s
sys	0m0.011s
execution time: 59.789057, max wait time: 0.094779, n: 7560, p: 27, c: 3 

real	1m1.633s
user	0m0.021s
sys	0m0.011s
execution time: 24.830552, max wait time: 0.084773, n: 7560, p: 64, c: 4 

real	0m27.449s
user	0m0.015s
sys	0m0.016s
