Architecture:          x86_64
CPU op-mode(s):        32-bit, 64-bit
Byte Order:            Little Endian
CPU(s):                48
On-line CPU(s) list:   0-47
Thread(s) per core:    2
Core(s) per socket:    12
Socket(s):             2
NUMA node(s):          2
Vendor ID:             GenuineIntel
CPU family:            6
Model:                 85
Model name:            Intel(R) Xeon(R) Gold 6126 CPU @ 2.60GHz
Stepping:              4
CPU MHz:               2600.000
BogoMIPS:              5200.00
Virtualization:        VT-x
L1d cache:             32K
L1i cache:             32K
L2 cache:              1024K
L3 cache:              19712K
NUMA node0 CPU(s):     0,2,4,6,8,10,12,14,16,18,20,22,24,26,28,30,32,34,36,38,40,42,44,46
NUMA node1 CPU(s):     1,3,5,7,9,11,13,15,17,19,21,23,25,27,29,31,33,35,37,39,41,43,45,47
Flags:                 fpu vme de pse tsc msr pae mce cx8 apic sep mtrr pge mca cmov pat pse36 clflush dts acpi mmx fxsr sse sse2 ss ht tm pbe syscall nx pdpe1gb rdtscp lm constant_tsc art arch_perfmon pebs bts rep_good nopl xtopology nonstop_tsc aperfmperf eagerfpu pni pclmulqdq dtes64 monitor ds_cpl vmx smx est tm2 ssse3 sdbg fma cx16 xtpr pdcm pcid dca sse4_1 sse4_2 x2apic movbe popcnt tsc_deadline_timer aes xsave avx f16c rdrand lahf_lm abm 3dnowprefetch epb cat_l3 cdp_l3 intel_ppin intel_pt ssbd mba ibrs ibpb stibp tpr_shadow vnmi flexpriority ept vpid fsgsbase tsc_adjust bmi1 hle avx2 smep bmi2 erms invpcid rtm cqm mpx rdt_a avx512f avx512dq rdseed adx smap clflushopt clwb avx512cd avx512bw avx512vl xsaveopt xsavec xgetbv1 cqm_llc cqm_occup_llc cqm_mbm_total cqm_mbm_local dtherm ida arat pln pts pku ospke spec_ctrl intel_stibp flush_l1d
execution time: 0.788330, max wait time: 0.072673, n: 3600, p: 64, c: 1 

real	0m2.959s
user	0m0.016s
sys	0m0.014s
execution time: 1.359588, max wait time: 0.056004, n: 3600, p: 36, c: 1 

real	0m2.935s
user	0m0.016s
sys	0m0.011s
execution time: 2.004753, max wait time: 0.099089, n: 3600, p: 25, c: 1 

real	0m3.420s
user	0m0.014s
sys	0m0.013s
execution time: 3.064996, max wait time: 0.186132, n: 3600, p: 16, c: 1 

real	0m4.231s
user	0m0.018s
sys	0m0.008s
execution time: 5.324741, max wait time: 0.234568, n: 3600, p: 9, c: 1 

real	0m6.407s
user	0m0.018s
sys	0m0.009s
execution time: 10.728508, max wait time: 0.048592, n: 3600, p: 4, c: 1 

real	0m11.844s
user	0m0.017s
sys	0m0.011s
execution time: 0.687370, max wait time: 0.033383, n: 3600, p: 72, c: 2 

real	0m3.686s
user	0m0.015s
sys	0m0.012s
execution time: 1.210371, max wait time: 0.436181, n: 3600, p: 50, c: 2 

real	0m3.150s
user	0m0.015s
sys	0m0.012s
execution time: 1.651842, max wait time: 0.145102, n: 3600, p: 32, c: 2 

real	0m3.963s
user	0m0.020s
sys	0m0.006s
execution time: 3.820934, max wait time: 2.059852, n: 3600, p: 18, c: 2 

real	0m5.572s
user	0m0.017s
sys	0m0.010s
execution time: 5.652022, max wait time: 0.336143, n: 3600, p: 8, c: 2 

real	0m6.722s
user	0m0.014s
sys	0m0.012s
execution time: 1.798435, max wait time: 1.003205, n: 3600, p: 48, c: 3 

real	0m3.652s
user	0m0.016s
sys	0m0.011s
execution time: 2.139698, max wait time: 0.315371, n: 3600, p: 27, c: 3 

real	0m3.605s
user	0m0.019s
sys	0m0.009s
execution time: 1.323065, max wait time: 0.402235, n: 3600, p: 64, c: 4 

real	0m3.541s
user	0m0.019s
sys	0m0.007s
