Architecture:          x86_64
CPU op-mode(s):        32-bit, 64-bit
Byte Order:            Little Endian
CPU(s):                48
On-line CPU(s) list:   0-47
Thread(s) per core:    2
Core(s) per socket:    12
Socket(s):             2
NUMA node(s):          2
Vendor ID:             GenuineIntel
CPU family:            6
Model:                 85
Model name:            Intel(R) Xeon(R) Gold 6126 CPU @ 2.60GHz
Stepping:              4
CPU MHz:               2600.000
BogoMIPS:              5200.00
Virtualization:        VT-x
L1d cache:             32K
L1i cache:             32K
L2 cache:              1024K
L3 cache:              19712K
NUMA node0 CPU(s):     0,2,4,6,8,10,12,14,16,18,20,22,24,26,28,30,32,34,36,38,40,42,44,46
NUMA node1 CPU(s):     1,3,5,7,9,11,13,15,17,19,21,23,25,27,29,31,33,35,37,39,41,43,45,47
Flags:                 fpu vme de pse tsc msr pae mce cx8 apic sep mtrr pge mca cmov pat pse36 clflush dts acpi mmx fxsr sse sse2 ss ht tm pbe syscall nx pdpe1gb rdtscp lm constant_tsc art arch_perfmon pebs bts rep_good nopl xtopology nonstop_tsc aperfmperf eagerfpu pni pclmulqdq dtes64 monitor ds_cpl vmx smx est tm2 ssse3 sdbg fma cx16 xtpr pdcm pcid dca sse4_1 sse4_2 x2apic movbe popcnt tsc_deadline_timer aes xsave avx f16c rdrand lahf_lm abm 3dnowprefetch epb cat_l3 cdp_l3 intel_ppin intel_pt ssbd mba ibrs ibpb stibp tpr_shadow vnmi flexpriority ept vpid fsgsbase tsc_adjust bmi1 hle avx2 smep bmi2 erms invpcid rtm cqm mpx rdt_a avx512f avx512dq rdseed adx smap clflushopt clwb avx512cd avx512bw avx512vl xsaveopt xsavec xgetbv1 cqm_llc cqm_occup_llc cqm_mbm_total cqm_mbm_local dtherm ida arat pln pts pku ospke spec_ctrl intel_stibp flush_l1d
execution time: 0.781751, max wait time: 0.059384, n: 3600, p: 64, c: 1 

real	0m3.476s
user	0m0.016s
sys	0m0.011s
execution time: 1.359658, max wait time: 0.059002, n: 3600, p: 36, c: 1 

real	0m3.200s
user	0m0.015s
sys	0m0.011s
execution time: 2.002156, max wait time: 0.098201, n: 3600, p: 25, c: 1 

real	0m3.600s
user	0m0.016s
sys	0m0.010s
execution time: 3.104184, max wait time: 0.164055, n: 3600, p: 16, c: 1 

real	0m4.446s
user	0m0.022s
sys	0m0.004s
execution time: 5.338497, max wait time: 0.250098, n: 3600, p: 9, c: 1 

real	0m6.424s
user	0m0.016s
sys	0m0.010s
execution time: 10.980927, max wait time: 0.083143, n: 3600, p: 4, c: 1 

real	0m12.049s
user	0m0.018s
sys	0m0.006s
execution time: 0.691956, max wait time: 0.035318, n: 3600, p: 72, c: 2 

real	0m3.538s
user	0m0.012s
sys	0m0.013s
execution time: 1.246294, max wait time: 0.445482, n: 3600, p: 50, c: 2 

real	0m3.530s
user	0m0.015s
sys	0m0.010s
execution time: 1.912081, max wait time: 0.357374, n: 3600, p: 32, c: 2 

real	0m3.643s
user	0m0.015s
sys	0m0.010s
execution time: 3.864404, max wait time: 2.048132, n: 3600, p: 18, c: 2 

real	0m5.230s
user	0m0.019s
sys	0m0.006s
execution time: 7.277683, max wait time: 1.759029, n: 3600, p: 8, c: 2 

real	0m8.433s
user	0m0.017s
sys	0m0.007s
execution time: 1.922933, max wait time: 1.066854, n: 3600, p: 48, c: 3 

real	0m4.129s
user	0m0.017s
sys	0m0.008s
execution time: 2.373735, max wait time: 0.386256, n: 3600, p: 27, c: 3 

real	0m4.015s
user	0m0.014s
sys	0m0.011s
execution time: 1.378888, max wait time: 0.510676, n: 3600, p: 64, c: 4 

real	0m4.109s
user	0m0.014s
sys	0m0.012s
