Architecture:          x86_64
CPU op-mode(s):        32-bit, 64-bit
Byte Order:            Little Endian
CPU(s):                48
On-line CPU(s) list:   0-47
Thread(s) per core:    2
Core(s) per socket:    12
Socket(s):             2
NUMA node(s):          2
Vendor ID:             GenuineIntel
CPU family:            6
Model:                 79
Model name:            Intel(R) Xeon(R) CPU E5-2650 v4 @ 2.20GHz
Stepping:              1
CPU MHz:               2200.000
CPU max MHz:           2200.0000
CPU min MHz:           1200.0000
BogoMIPS:              4390.18
Virtualization:        VT-x
L1d cache:             32K
L1i cache:             32K
L2 cache:              256K
L3 cache:              30720K
NUMA node0 CPU(s):     0-11,24-35
NUMA node1 CPU(s):     12-23,36-47
Flags:                 fpu vme de pse tsc msr pae mce cx8 apic sep mtrr pge mca cmov pat pse36 clflush dts acpi mmx fxsr sse sse2 ss ht tm pbe syscall nx pdpe1gb rdtscp lm constant_tsc arch_perfmon pebs bts rep_good nopl xtopology nonstop_tsc aperfmperf eagerfpu pni pclmulqdq dtes64 monitor ds_cpl vmx smx est tm2 ssse3 sdbg fma cx16 xtpr pdcm pcid dca sse4_1 sse4_2 x2apic movbe popcnt tsc_deadline_timer aes xsave avx f16c rdrand lahf_lm abm 3dnowprefetch epb cat_l3 cdp_l3 intel_ppin intel_pt ssbd ibrs ibpb stibp tpr_shadow vnmi flexpriority ept vpid fsgsbase tsc_adjust bmi1 hle avx2 smep bmi2 erms invpcid rtm cqm rdt_a rdseed adx smap xsaveopt cqm_llc cqm_occup_llc cqm_mbm_total cqm_mbm_local dtherm ida arat pln pts spec_ctrl intel_stibp flush_l1d
execution time: 16.816223, max wait time: 4.844366, n: 7560, p: 64, c: 1 

real	0m18.990s
user	0m0.018s
sys	0m0.014s
execution time: 16.450602, max wait time: 3.078269, n: 7560, p: 49, c: 1 

real	0m18.281s
user	0m0.021s
sys	0m0.011s
execution time: 24.362455, max wait time: 5.669896, n: 7560, p: 36, c: 1 

real	0m25.886s
user	0m0.017s
sys	0m0.015s
execution time: 32.509606, max wait time: 7.227940, n: 7560, p: 25, c: 1 

real	0m33.976s
user	0m0.017s
sys	0m0.013s
execution time: 50.976154, max wait time: 11.530286, n: 7560, p: 16, c: 1 

real	0m52.228s
user	0m0.018s
sys	0m0.013s
execution time: 92.895759, max wait time: 22.863529, n: 7560, p: 9, c: 1 

real	1m34.229s
user	0m0.015s
sys	0m0.016s
execution time: 295.143068, max wait time: 23.958185, n: 7560, p: 4, c: 1 

real	4m56.693s
user	0m0.015s
sys	0m0.018s
execution time: 20.834846, max wait time: 1.292256, n: 7560, p: 50, c: 2 

real	0m22.743s
user	0m0.022s
sys	0m0.012s
execution time: 43.360742, max wait time: 2.350618, n: 7560, p: 32, c: 2 

real	0m45.013s
user	0m0.015s
sys	0m0.017s
execution time: 61.004106, max wait time: 2.127751, n: 7560, p: 18, c: 2 

real	1m2.543s
user	0m0.019s
sys	0m0.013s
execution time: 148.926038, max wait time: 0.105159, n: 7560, p: 8, c: 2 

real	2m30.564s
user	0m0.021s
sys	0m0.011s
execution time: 41.587523, max wait time: 3.214628, n: 7560, p: 48, c: 3 

real	0m43.475s
user	0m0.022s
sys	0m0.010s
execution time: 57.549189, max wait time: 0.095764, n: 7560, p: 27, c: 3 

real	0m59.178s
user	0m0.019s
sys	0m0.012s
execution time: 26.049733, max wait time: 0.081373, n: 7560, p: 64, c: 4 

real	0m28.233s
user	0m0.025s
sys	0m0.007s
